{
  "href": "https://api.spotify.com/v1/users/223i55rb3qlsyjym33oact44i/playlists?offset=0&limit=20",
  "items": [
    {
      "collaborative": false,
      "description": "the beat of your drift",
      "external_urls": {
        "spotify": "https://open.spotify.com/playlist/37i9dQZF1DWWY64wDtewQt"
      },
      "href": "https://api.spotify.com/v1/playlists/37i9dQZF1DWWY64wDtewQt",
      "id": "37i9dQZF1DWWY64wDtewQt",
      "images": [
        {
          "height": null,
          "url": "https://i.scdn.co/image/ab67706f0000000365484dbf534bb6df774e75ee",
          "width": null
        }
      ],
      "name": "phonk",
      "owner": {
        "display_name": "Spotify",
        "external_urls": {
          "spotify": "https://open.spotify.com/user/spotify"
        },
        "href": "https://api.spotify.com/v1/users/spotify",
        "id": "spotify",
        "type": "user",
        "uri": "spotify:user:spotify"
      },
      "primary_color": null,
      "public": false,
      "snapshot_id": "MTY4MzMwMjIzNCwwMDAwMDAwMDg1Nzc4MDNlODQ1YTkyNTU3Y2Y3M2M0NTBlMDk3ODQw",
      "tracks": {
        "href": "https://api.spotify.com/v1/playlists/37i9dQZF1DWWY64wDtewQt/tracks",
        "total": 99
      },
      "type": "playlist",
      "uri": "spotify:playlist:37i9dQZF1DWWY64wDtewQt"
    },
    {
      "collaborative": false,
      "description": "",
      "external_urls": {
        "spotify": "https://open.spotify.com/playlist/0I9OwwXJye42Y1kKokwS2O"
      },
      "href": "https://api.spotify.com/v1/playlists/0I9OwwXJye42Y1kKokwS2O",
      "id": "0I9OwwXJye42Y1kKokwS2O",
      "images": [
        {
          "height": 640,
          "url": "https://mosaic.scdn.co/640/ab67616d0000b2732dc63a8a5931bf2e546f1714ab67616d0000b273373b24148204b38d135e753fab67616d0000b273467fc4ac9ecb7e8fb58db6e5ab67616d0000b273f8f14f0d11121ee0c39e853e",
          "width": 640
        },
        {
          "height": 300,
          "url": "https://mosaic.scdn.co/300/ab67616d0000b2732dc63a8a5931bf2e546f1714ab67616d0000b273373b24148204b38d135e753fab67616d0000b273467fc4ac9ecb7e8fb58db6e5ab67616d0000b273f8f14f0d11121ee0c39e853e",
          "width": 300
        },
        {
          "height": 60,
          "url": "https://mosaic.scdn.co/60/ab67616d0000b2732dc63a8a5931bf2e546f1714ab67616d0000b273373b24148204b38d135e753fab67616d0000b273467fc4ac9ecb7e8fb58db6e5ab67616d0000b273f8f14f0d11121ee0c39e853e",
          "width": 60
        }
      ],
      "name": "Meine Shazam-Titel",
      "owner": {
        "display_name": "Krishen Mohan",
        "external_urls": {
          "spotify": "https://open.spotify.com/user/223i55rb3qlsyjym33oact44i"
        },
        "href": "https://api.spotify.com/v1/users/223i55rb3qlsyjym33oact44i",
        "id": "223i55rb3qlsyjym33oact44i",
        "type": "user",
        "uri": "spotify:user:223i55rb3qlsyjym33oact44i"
      },
      "primary_color": null,
      "public": true,
      "snapshot_id": "MTEsOThlNjE0MjQwNDdkZjEzOGQ2ZTQwOTUwOTI2YzVhNGZmMGYzNjMzOQ==",
      "tracks": {
        "href": "https://api.spotify.com/v1/playlists/0I9OwwXJye42Y1kKokwS2O/tracks",
        "total": 10
      },
      "type": "playlist",
      "uri": "spotify:playlist:0I9OwwXJye42Y1kKokwS2O"
    },
    {
      "collaborative": false,
      "description": "John Wick: Chapter 4 Soundtracks inc Killing Strangers, Parabellum, John Wick Mode... Also the best songs from John Wick 1, 2 and 3.",
      "external_urls": {
        "spotify": "https://open.spotify.com/playlist/1bCP7l3AaLG6HwSPzcilho"
      },
      "href": "https://api.spotify.com/v1/playlists/1bCP7l3AaLG6HwSPzcilho",
      "id": "1bCP7l3AaLG6HwSPzcilho",
      "images": [
        {
          "height": null,
          "url": "https://i.scdn.co/image/ab67706c0000bebb7ff57abcc50089d541cc1019",
          "width": null
        }
      ],
      "name": "John Wick 4 Soundtrack",
      "owner": {
        "display_name": "Petit Ours",
        "external_urls": {
          "spotify": "https://open.spotify.com/user/s0sidua67jnl6jmj9pialg4pk"
        },
        "href": "https://api.spotify.com/v1/users/s0sidua67jnl6jmj9pialg4pk",
        "id": "s0sidua67jnl6jmj9pialg4pk",
        "type": "user",
        "uri": "spotify:user:s0sidua67jnl6jmj9pialg4pk"
      },
      "primary_color": null,
      "public": false,
      "snapshot_id": "OTgsNjM4MTk4Nzk0YTMxYTc4ZDlhMDczM2ZmZjVkOWIyN2Q0NTViMjM3OQ==",
      "tracks": {
        "href": "https://api.spotify.com/v1/playlists/1bCP7l3AaLG6HwSPzcilho/tracks",
        "total": 41
      },
      "type": "playlist",
      "uri": "spotify:playlist:1bCP7l3AaLG6HwSPzcilho"
    },
    {
      "collaborative": false,
      "description": "FOCUS ON YOU! &quot;If they make you an option, make them your history&quot; AJ-1029",
      "external_urls": {
        "spotify": "https://open.spotify.com/playlist/3XDx4ZH82386rU1QKqWV2Q"
      },
      "href": "https://api.spotify.com/v1/playlists/3XDx4ZH82386rU1QKqWV2Q",
      "id": "3XDx4ZH82386rU1QKqWV2Q",
      "images": [
        {
          "height": null,
          "url": "https://i.scdn.co/image/ab67706c0000bebb4a5982d655538d533201d1e2",
          "width": null
        }
      ],
      "name": "SIGMA MALE TIKTOK MUSIC",
      "owner": {
        "display_name": "CRD",
        "external_urls": {
          "spotify": "https://open.spotify.com/user/315do5izbo6glskxkgjxl2s6ed6u"
        },
        "href": "https://api.spotify.com/v1/users/315do5izbo6glskxkgjxl2s6ed6u",
        "id": "315do5izbo6glskxkgjxl2s6ed6u",
        "type": "user",
        "uri": "spotify:user:315do5izbo6glskxkgjxl2s6ed6u"
      },
      "primary_color": null,
      "public": false,
      "snapshot_id": "MTU5MixhYWQxY2I2NGU1NjdjZDU2M2U2ZTQ5MmRhOTk5YzY5MDA2YTYxYmZk",
      "tracks": {
        "href": "https://api.spotify.com/v1/playlists/3XDx4ZH82386rU1QKqWV2Q/tracks",
        "total": 188
      },
      "type": "playlist",
      "uri": "spotify:playlist:3XDx4ZH82386rU1QKqWV2Q"
    },
    {
      "collaborative": false,
      "description": "",
      "external_urls": {
        "spotify": "https://open.spotify.com/playlist/2pawkjVawsiXtezE6F8kec"
      },
      "href": "https://api.spotify.com/v1/playlists/2pawkjVawsiXtezE6F8kec",
      "id": "2pawkjVawsiXtezE6F8kec",
      "images": [
        {
          "height": 640,
          "url": "https://mosaic.scdn.co/640/ab67616d0000b27343833c08481a3a77ba94987cab67616d0000b273c10542fb7526954ba6955477ab67616d0000b273c91a687951c6b91e6059735dab67616d0000b273d21bec95e878ea183124f798",
          "width": 640
        },
        {
          "height": 300,
          "url": "https://mosaic.scdn.co/300/ab67616d0000b27343833c08481a3a77ba94987cab67616d0000b273c10542fb7526954ba6955477ab67616d0000b273c91a687951c6b91e6059735dab67616d0000b273d21bec95e878ea183124f798",
          "width": 300
        },
        {
          "height": 60,
          "url": "https://mosaic.scdn.co/60/ab67616d0000b27343833c08481a3a77ba94987cab67616d0000b273c10542fb7526954ba6955477ab67616d0000b273c91a687951c6b91e6059735dab67616d0000b273d21bec95e878ea183124f798",
          "width": 60
        }
      ],
      "name": "My Shazam Tracks",
      "owner": {
        "display_name": "Krishen Mohan",
        "external_urls": {
          "spotify": "https://open.spotify.com/user/223i55rb3qlsyjym33oact44i"
        },
        "href": "https://api.spotify.com/v1/users/223i55rb3qlsyjym33oact44i",
        "id": "223i55rb3qlsyjym33oact44i",
        "type": "user",
        "uri": "spotify:user:223i55rb3qlsyjym33oact44i"
      },
      "primary_color": null,
      "public": true,
      "snapshot_id": "NDEsNzc4N2U5MDc2YWJmMGEwNWY5ZWU2N2M2Mjg5YTM1ZjVkYTE0ZWVlNA==",
      "tracks": {
        "href": "https://api.spotify.com/v1/playlists/2pawkjVawsiXtezE6F8kec/tracks",
        "total": 30
      },
      "type": "playlist",
      "uri": "spotify:playlist:2pawkjVawsiXtezE6F8kec"
    },
    {
      "collaborative": false,
      "description": "gentle and sweet, overtly delicate, tenderness and warmth",
      "external_urls": {
        "spotify": "https://open.spotify.com/playlist/6BSFGd9cr1zniJDoqabuzh"
      },
      "href": "https://api.spotify.com/v1/playlists/6BSFGd9cr1zniJDoqabuzh",
      "id": "6BSFGd9cr1zniJDoqabuzh",
      "images": [
        {
          "height": null,
          "url": "https://i.scdn.co/image/ab67706c0000bebb7b83210d2b98f90549afd94e",
          "width": null
        }
      ],
      "name": "a quiet strength",
      "owner": {
        "display_name": "Kaetlyn Anne",
        "external_urls": {
          "spotify": "https://open.spotify.com/user/kaetlynkennedy"
        },
        "href": "https://api.spotify.com/v1/users/kaetlynkennedy",
        "id": "kaetlynkennedy",
        "type": "user",
        "uri": "spotify:user:kaetlynkennedy"
      },
      "primary_color": null,
      "public": false,
      "snapshot_id": "NzUsMTM2ZTczMTE5NWM0NGIyODI5NDQ5ODNhOWQ5ZGMxY2FkMmYwMzU5Ng==",
      "tracks": {
        "href": "https://api.spotify.com/v1/playlists/6BSFGd9cr1zniJDoqabuzh/tracks",
        "total": 58
      },
      "type": "playlist",
      "uri": "spotify:playlist:6BSFGd9cr1zniJDoqabuzh"
    },
    {
      "collaborative": false,
      "description": "Your weekly mixtape of fresh music. Enjoy new music and deep cuts picked for you. Updates every Monday.",
      "external_urls": {
        "spotify": "https://open.spotify.com/playlist/37i9dQZEVXcGue1FWnqOWQ"
      },
      "href": "https://api.spotify.com/v1/playlists/37i9dQZEVXcGue1FWnqOWQ",
      "id": "37i9dQZEVXcGue1FWnqOWQ",
      "images": [
        {
          "height": null,
          "url": "https://newjams-images.scdn.co/image/ab676477000033ad/dt/v3/discover-weekly/UhZIl2VJE0PdITXrx25-XIC1G9NCBWvc5lOBdkjUUcRL42Zr2_hU2g3mahIMOGsfYhQ6JNYlybNLQohcgG2AjbEe0MrtmFJZTeqIl3Cw-JM=/NTE6MTA6NTBUMDItNTAtMw==",
          "width": null
        }
      ],
      "name": "Discover Weekly",
      "owner": {
        "display_name": "Spotify",
        "external_urls": {
          "spotify": "https://open.spotify.com/user/spotify"
        },
        "href": "https://api.spotify.com/v1/users/spotify",
        "id": "spotify",
        "type": "user",
        "uri": "spotify:user:spotify"
      },
      "primary_color": null,
      "public": false,
      "snapshot_id": "MCwwMDAwMDAwMGRjNjEzZTc1MzAyOTg5YThhNDQ0YjgyZmEyYmUyMWNi",
      "tracks": {
        "href": "https://api.spotify.com/v1/playlists/37i9dQZEVXcGue1FWnqOWQ/tracks",
        "total": 30
      },
      "type": "playlist",
      "uri": "spotify:playlist:37i9dQZEVXcGue1FWnqOWQ"
    },
    {
      "collaborative": false,
      "description": "The Best of Hip-Hop, Rap and Drill from the UK. Cover: Tion Wayne",
      "external_urls": {
        "spotify": "https://open.spotify.com/playlist/37i9dQZF1DX6PKX5dyBKeq"
      },
      "href": "https://api.spotify.com/v1/playlists/37i9dQZF1DX6PKX5dyBKeq",
      "id": "37i9dQZF1DX6PKX5dyBKeq",
      "images": [
        {
          "height": null,
          "url": "https://i.scdn.co/image/ab67706f000000035f1717d76ccce0b2f85ff94d",
          "width": null
        }
      ],
      "name": "Rap UK",
      "owner": {
        "display_name": "Spotify",
        "external_urls": {
          "spotify": "https://open.spotify.com/user/spotify"
        },
        "href": "https://api.spotify.com/v1/users/spotify",
        "id": "spotify",
        "type": "user",
        "uri": "spotify:user:spotify"
      },
      "primary_color": null,
      "public": false,
      "snapshot_id": "MTY4MzI5MjI5NywwMDAwMDAwMDcwZGY3MGMxZTc1ZmNjMDU4YWM1NDQ0MDhkNzIxZDYy",
      "tracks": {
        "href": "https://api.spotify.com/v1/playlists/37i9dQZF1DX6PKX5dyBKeq/tracks",
        "total": 49
      },
      "type": "playlist",
      "uri": "spotify:playlist:37i9dQZF1DX6PKX5dyBKeq"
    },
    {
      "collaborative": false,
      "description": "",
      "external_urls": {
        "spotify": "https://open.spotify.com/playlist/6aT3WcKtWr3x5M3RMVaog6"
      },
      "href": "https://api.spotify.com/v1/playlists/6aT3WcKtWr3x5M3RMVaog6",
      "id": "6aT3WcKtWr3x5M3RMVaog6",
      "images": [
        {
          "height": 640,
          "url": "https://mosaic.scdn.co/640/ab67616d0000b27300ed40f0656d4c96db9f0a4fab67616d0000b27398630b3a7a18829146099178ab67616d0000b273bcaf6f097b310e20504f2de0ab67616d0000b273f33f1738a2764489750e3535",
          "width": 640
        },
        {
          "height": 300,
          "url": "https://mosaic.scdn.co/300/ab67616d0000b27300ed40f0656d4c96db9f0a4fab67616d0000b27398630b3a7a18829146099178ab67616d0000b273bcaf6f097b310e20504f2de0ab67616d0000b273f33f1738a2764489750e3535",
          "width": 300
        },
        {
          "height": 60,
          "url": "https://mosaic.scdn.co/60/ab67616d0000b27300ed40f0656d4c96db9f0a4fab67616d0000b27398630b3a7a18829146099178ab67616d0000b273bcaf6f097b310e20504f2de0ab67616d0000b273f33f1738a2764489750e3535",
          "width": 60
        }
      ],
      "name": "甘い雨",
      "owner": {
        "display_name": "Krishen Mohan",
        "external_urls": {
          "spotify": "https://open.spotify.com/user/223i55rb3qlsyjym33oact44i"
        },
        "href": "https://api.spotify.com/v1/users/223i55rb3qlsyjym33oact44i",
        "id": "223i55rb3qlsyjym33oact44i",
        "type": "user",
        "uri": "spotify:user:223i55rb3qlsyjym33oact44i"
      },
      "primary_color": null,
      "public": true,
      "snapshot_id": "MjYsMjkxYmVmY2M2N2FjYjYxYTcxZjkwN2NlMjBmOGM4NDRjOTJiOWFhOA==",
      "tracks": {
        "href": "https://api.spotify.com/v1/playlists/6aT3WcKtWr3x5M3RMVaog6/tracks",
        "total": 23
      },
      "type": "playlist",
      "uri": "spotify:playlist:6aT3WcKtWr3x5M3RMVaog6"
    },
    {
      "collaborative": false,
      "description": "",
      "external_urls": {
        "spotify": "https://open.spotify.com/playlist/2U9h08yRbvE0MGu1c0EIbU"
      },
      "href": "https://api.spotify.com/v1/playlists/2U9h08yRbvE0MGu1c0EIbU",
      "id": "2U9h08yRbvE0MGu1c0EIbU",
      "images": [
        {
          "height": null,
          "url": "https://i.scdn.co/image/ab67706c0000bebb4992f2fd618ce707231e35fd",
          "width": null
        }
      ],
      "name": "Sakamichi no Apollon",
      "owner": {
        "display_name": "teteusix",
        "external_urls": {
          "spotify": "https://open.spotify.com/user/teteusix"
        },
        "href": "https://api.spotify.com/v1/users/teteusix",
        "id": "teteusix",
        "type": "user",
        "uri": "spotify:user:teteusix"
      },
      "primary_color": null,
      "public": false,
      "snapshot_id": "MzMsYzc2MzBkMzkyNTUxZjhkMWVlMTQ4MDY5ZTk2ZjQ4YjQ5MGNjZmY3NQ==",
      "tracks": {
        "href": "https://api.spotify.com/v1/playlists/2U9h08yRbvE0MGu1c0EIbU/tracks",
        "total": 19
      },
      "type": "playlist",
      "uri": "spotify:playlist:2U9h08yRbvE0MGu1c0EIbU"
    },
    {
      "collaborative": false,
      "description": "",
      "external_urls": {
        "spotify": "https://open.spotify.com/playlist/5uS0y3Fqx3Ivjk2znQE86P"
      },
      "href": "https://api.spotify.com/v1/playlists/5uS0y3Fqx3Ivjk2znQE86P",
      "id": "5uS0y3Fqx3Ivjk2znQE86P",
      "images": [
        {
          "height": 640,
          "url": "https://mosaic.scdn.co/640/ab67616d0000b2730797f422d9010d1ef1fce5a3ab67616d0000b2731b04e317fdc3990de5bc29c6ab67616d0000b273da46fc5238011ccf379e1cebab67616d0000b273fc640001ddd9ecb549929a1c",
          "width": 640
        },
        {
          "height": 300,
          "url": "https://mosaic.scdn.co/300/ab67616d0000b2730797f422d9010d1ef1fce5a3ab67616d0000b2731b04e317fdc3990de5bc29c6ab67616d0000b273da46fc5238011ccf379e1cebab67616d0000b273fc640001ddd9ecb549929a1c",
          "width": 300
        },
        {
          "height": 60,
          "url": "https://mosaic.scdn.co/60/ab67616d0000b2730797f422d9010d1ef1fce5a3ab67616d0000b2731b04e317fdc3990de5bc29c6ab67616d0000b273da46fc5238011ccf379e1cebab67616d0000b273fc640001ddd9ecb549929a1c",
          "width": 60
        }
      ],
      "name": "死ぬな",
      "owner": {
        "display_name": "Krishen Mohan",
        "external_urls": {
          "spotify": "https://open.spotify.com/user/223i55rb3qlsyjym33oact44i"
        },
        "href": "https://api.spotify.com/v1/users/223i55rb3qlsyjym33oact44i",
        "id": "223i55rb3qlsyjym33oact44i",
        "type": "user",
        "uri": "spotify:user:223i55rb3qlsyjym33oact44i"
      },
      "primary_color": null,
      "public": true,
      "snapshot_id": "MjIxLDIwNjgzMGIwYjdmZjVmMTY0ZjgyOWZmMWViYjAyYjlmYTk1YWY3NjI=",
      "tracks": {
        "href": "https://api.spotify.com/v1/playlists/5uS0y3Fqx3Ivjk2znQE86P/tracks",
        "total": 159
      },
      "type": "playlist",
      "uri": "spotify:playlist:5uS0y3Fqx3Ivjk2znQE86P"
    },
    {
      "collaborative": false,
      "description": "",
      "external_urls": {
        "spotify": "https://open.spotify.com/playlist/04VP3rAu9UI495cVMj92uu"
      },
      "href": "https://api.spotify.com/v1/playlists/04VP3rAu9UI495cVMj92uu",
      "id": "04VP3rAu9UI495cVMj92uu",
      "images": [
        {
          "height": 640,
          "url": "https://mosaic.scdn.co/640/ab67616d0000b2730436495adc9a43591fa56312ab67616d0000b2732d3fac26af94a41ff56ae0d9ab67616d0000b273890a7b26f881d73657bd208dab67616d0000b273bf1b8e49eadd993eec4f406d",
          "width": 640
        },
        {
          "height": 300,
          "url": "https://mosaic.scdn.co/300/ab67616d0000b2730436495adc9a43591fa56312ab67616d0000b2732d3fac26af94a41ff56ae0d9ab67616d0000b273890a7b26f881d73657bd208dab67616d0000b273bf1b8e49eadd993eec4f406d",
          "width": 300
        },
        {
          "height": 60,
          "url": "https://mosaic.scdn.co/60/ab67616d0000b2730436495adc9a43591fa56312ab67616d0000b2732d3fac26af94a41ff56ae0d9ab67616d0000b273890a7b26f881d73657bd208dab67616d0000b273bf1b8e49eadd993eec4f406d",
          "width": 60
        }
      ],
      "name": "Austerity",
      "owner": {
        "display_name": "Krishen Mohan",
        "external_urls": {
          "spotify": "https://open.spotify.com/user/223i55rb3qlsyjym33oact44i"
        },
        "href": "https://api.spotify.com/v1/users/223i55rb3qlsyjym33oact44i",
        "id": "223i55rb3qlsyjym33oact44i",
        "type": "user",
        "uri": "spotify:user:223i55rb3qlsyjym33oact44i"
      },
      "primary_color": null,
      "public": true,
      "snapshot_id": "MTAxLGY3MmMzZGJiODE0MjM1MGFiZjgzODUyZjEzNjhlOTA3OTViZTk5M2Y=",
      "tracks": {
        "href": "https://api.spotify.com/v1/playlists/04VP3rAu9UI495cVMj92uu/tracks",
        "total": 42
      },
      "type": "playlist",
      "uri": "spotify:playlist:04VP3rAu9UI495cVMj92uu"
    },
    {
      "collaborative": false,
      "description": "",
      "external_urls": {
        "spotify": "https://open.spotify.com/playlist/7KQ8AY71KS2ZiONYyYWthl"
      },
      "href": "https://api.spotify.com/v1/playlists/7KQ8AY71KS2ZiONYyYWthl",
      "id": "7KQ8AY71KS2ZiONYyYWthl",
      "images": [
        {
          "height": 640,
          "url": "https://mosaic.scdn.co/640/ab67616d0000b2731711a806f141581bac243e7bab67616d0000b273a4ae22f0a1ecda0be967cc51ab67616d0000b273a8337067f111c0b4392da595ab67616d0000b273f1e91677dd031bdc141dd223",
          "width": 640
        },
        {
          "height": 300,
          "url": "https://mosaic.scdn.co/300/ab67616d0000b2731711a806f141581bac243e7bab67616d0000b273a4ae22f0a1ecda0be967cc51ab67616d0000b273a8337067f111c0b4392da595ab67616d0000b273f1e91677dd031bdc141dd223",
          "width": 300
        },
        {
          "height": 60,
          "url": "https://mosaic.scdn.co/60/ab67616d0000b2731711a806f141581bac243e7bab67616d0000b273a4ae22f0a1ecda0be967cc51ab67616d0000b273a8337067f111c0b4392da595ab67616d0000b273f1e91677dd031bdc141dd223",
          "width": 60
        }
      ],
      "name": "FlowerBoy",
      "owner": {
        "display_name": "Krishen Mohan",
        "external_urls": {
          "spotify": "https://open.spotify.com/user/223i55rb3qlsyjym33oact44i"
        },
        "href": "https://api.spotify.com/v1/users/223i55rb3qlsyjym33oact44i",
        "id": "223i55rb3qlsyjym33oact44i",
        "type": "user",
        "uri": "spotify:user:223i55rb3qlsyjym33oact44i"
      },
      "primary_color": null,
      "public": true,
      "snapshot_id": "NTU4LDRhYTBlMTEyZWM2OWRkMDI1NTQ5NjYzOTE3YTkxZmU1Y2I5OWY3OTU=",
      "tracks": {
        "href": "https://api.spotify.com/v1/playlists/7KQ8AY71KS2ZiONYyYWthl/tracks",
        "total": 478
      },
      "type": "playlist",
      "uri": "spotify:playlist:7KQ8AY71KS2ZiONYyYWthl"
    },
    {
      "collaborative": false,
      "description": "Dish&#x27;hrahal kevral nahain",
      "external_urls": {
        "spotify": "https://open.spotify.com/playlist/3hRFS6qMjky2BWdCpQuSHP"
      },
      "href": "https://api.spotify.com/v1/playlists/3hRFS6qMjky2BWdCpQuSHP",
      "id": "3hRFS6qMjky2BWdCpQuSHP",
      "images": [
        {
          "height": 640,
          "url": "https://mosaic.scdn.co/640/ab67616d0000b273200c40b07c4c65af45a43696ab67616d0000b2732e9201c4cae199bd211c2a3cab67616d0000b273ec1d8cc0240bc358e98dca03ab67616d0000b273eda0d4ce815da9d0100561ba",
          "width": 640
        },
        {
          "height": 300,
          "url": "https://mosaic.scdn.co/300/ab67616d0000b273200c40b07c4c65af45a43696ab67616d0000b2732e9201c4cae199bd211c2a3cab67616d0000b273ec1d8cc0240bc358e98dca03ab67616d0000b273eda0d4ce815da9d0100561ba",
          "width": 300
        },
        {
          "height": 60,
          "url": "https://mosaic.scdn.co/60/ab67616d0000b273200c40b07c4c65af45a43696ab67616d0000b2732e9201c4cae199bd211c2a3cab67616d0000b273ec1d8cc0240bc358e98dca03ab67616d0000b273eda0d4ce815da9d0100561ba",
          "width": 60
        }
      ],
      "name": "God'sPoetry",
      "owner": {
        "display_name": "Krishen Mohan",
        "external_urls": {
          "spotify": "https://open.spotify.com/user/223i55rb3qlsyjym33oact44i"
        },
        "href": "https://api.spotify.com/v1/users/223i55rb3qlsyjym33oact44i",
        "id": "223i55rb3qlsyjym33oact44i",
        "type": "user",
        "uri": "spotify:user:223i55rb3qlsyjym33oact44i"
      },
      "primary_color": null,
      "public": true,
      "snapshot_id": "MTkyLGIwNjBlMTU5MDRkZjcwNzdlNmRiMTlhZTYzNGRmM2ZiNGJkZTI0YzI=",
      "tracks": {
        "href": "https://api.spotify.com/v1/playlists/3hRFS6qMjky2BWdCpQuSHP/tracks",
        "total": 261
      },
      "type": "playlist",
      "uri": "spotify:playlist:3hRFS6qMjky2BWdCpQuSHP"
    },
    {
      "collaborative": false,
      "description": "",
      "external_urls": {
        "spotify": "https://open.spotify.com/playlist/0XiQHoU3f0S6TzEMctGdEF"
      },
      "href": "https://api.spotify.com/v1/playlists/0XiQHoU3f0S6TzEMctGdEF",
      "id": "0XiQHoU3f0S6TzEMctGdEF",
      "images": [
        {
          "height": 640,
          "url": "https://mosaic.scdn.co/640/ab67616d0000b2730e4bfa69aaced763e4d0c56dab67616d0000b2734dbdd4d3c69bec0d471fc479ab67616d0000b273c428f67b4a9b7e1114dfc117ab67616d0000b273d4e58f97e53d5ebf4d8eb788",
          "width": 640
        },
        {
          "height": 300,
          "url": "https://mosaic.scdn.co/300/ab67616d0000b2730e4bfa69aaced763e4d0c56dab67616d0000b2734dbdd4d3c69bec0d471fc479ab67616d0000b273c428f67b4a9b7e1114dfc117ab67616d0000b273d4e58f97e53d5ebf4d8eb788",
          "width": 300
        },
        {
          "height": 60,
          "url": "https://mosaic.scdn.co/60/ab67616d0000b2730e4bfa69aaced763e4d0c56dab67616d0000b2734dbdd4d3c69bec0d471fc479ab67616d0000b273c428f67b4a9b7e1114dfc117ab67616d0000b273d4e58f97e53d5ebf4d8eb788",
          "width": 60
        }
      ],
      "name": "ChillNow",
      "owner": {
        "display_name": "Krishen Mohan",
        "external_urls": {
          "spotify": "https://open.spotify.com/user/223i55rb3qlsyjym33oact44i"
        },
        "href": "https://api.spotify.com/v1/users/223i55rb3qlsyjym33oact44i",
        "id": "223i55rb3qlsyjym33oact44i",
        "type": "user",
        "uri": "spotify:user:223i55rb3qlsyjym33oact44i"
      },
      "primary_color": null,
      "public": true,
      "snapshot_id": "ODE2LDNiZWY1NjMwNmRhNjBjNTg2OTUwNzY2OWRhOTE3NWE2YWQ1ZGI1MGY=",
      "tracks": {
        "href": "https://api.spotify.com/v1/playlists/0XiQHoU3f0S6TzEMctGdEF/tracks",
        "total": 608
      },
      "type": "playlist",
      "uri": "spotify:playlist:0XiQHoU3f0S6TzEMctGdEF"
    },
    {
      "collaborative": false,
      "description": "",
      "external_urls": {
        "spotify": "https://open.spotify.com/playlist/5lxk6MwMTSGUiSm2yt5ICE"
      },
      "href": "https://api.spotify.com/v1/playlists/5lxk6MwMTSGUiSm2yt5ICE",
      "id": "5lxk6MwMTSGUiSm2yt5ICE",
      "images": [
        {
          "height": 640,
          "url": "https://mosaic.scdn.co/640/ab67616d0000b2733957a30e8f71d5adf8889a9bab67616d0000b2736fb15495188d803ea9e7ceb4ab67616d0000b2737508bd4e7236b2524dc2ec91ab67616d0000b273fdec3ee19da7cd9b1b02ca9c",
          "width": 640
        },
        {
          "height": 300,
          "url": "https://mosaic.scdn.co/300/ab67616d0000b2733957a30e8f71d5adf8889a9bab67616d0000b2736fb15495188d803ea9e7ceb4ab67616d0000b2737508bd4e7236b2524dc2ec91ab67616d0000b273fdec3ee19da7cd9b1b02ca9c",
          "width": 300
        },
        {
          "height": 60,
          "url": "https://mosaic.scdn.co/60/ab67616d0000b2733957a30e8f71d5adf8889a9bab67616d0000b2736fb15495188d803ea9e7ceb4ab67616d0000b2737508bd4e7236b2524dc2ec91ab67616d0000b273fdec3ee19da7cd9b1b02ca9c",
          "width": 60
        }
      ],
      "name": "弱孔雀",
      "owner": {
        "display_name": "Krishen Mohan",
        "external_urls": {
          "spotify": "https://open.spotify.com/user/223i55rb3qlsyjym33oact44i"
        },
        "href": "https://api.spotify.com/v1/users/223i55rb3qlsyjym33oact44i",
        "id": "223i55rb3qlsyjym33oact44i",
        "type": "user",
        "uri": "spotify:user:223i55rb3qlsyjym33oact44i"
      },
      "primary_color": null,
      "public": true,
      "snapshot_id": "MTk4LDJiODQ4N2RmMDE4YmRlZTMxYmIzMGI5OWNkYjNiZGJiYjQ3ZDZhNGY=",
      "tracks": {
        "href": "https://api.spotify.com/v1/playlists/5lxk6MwMTSGUiSm2yt5ICE/tracks",
        "total": 127
      },
      "type": "playlist",
      "uri": "spotify:playlist:5lxk6MwMTSGUiSm2yt5ICE"
    },
    {
      "collaborative": false,
      "description": "",
      "external_urls": {
        "spotify": "https://open.spotify.com/playlist/20FAn2dZevS1kak9RkrtyR"
      },
      "href": "https://api.spotify.com/v1/playlists/20FAn2dZevS1kak9RkrtyR",
      "id": "20FAn2dZevS1kak9RkrtyR",
      "images": [
        {
          "height": 640,
          "url": "https://mosaic.scdn.co/640/ab67616d0000b27322e2d095841ac990778febabab67616d0000b27354e91d50af75c84100f58e2fab67616d0000b27395d1d98c5176e4f982bd73d6ab67616d0000b273aca059cebc1841277db22d1c",
          "width": 640
        },
        {
          "height": 300,
          "url": "https://mosaic.scdn.co/300/ab67616d0000b27322e2d095841ac990778febabab67616d0000b27354e91d50af75c84100f58e2fab67616d0000b27395d1d98c5176e4f982bd73d6ab67616d0000b273aca059cebc1841277db22d1c",
          "width": 300
        },
        {
          "height": 60,
          "url": "https://mosaic.scdn.co/60/ab67616d0000b27322e2d095841ac990778febabab67616d0000b27354e91d50af75c84100f58e2fab67616d0000b27395d1d98c5176e4f982bd73d6ab67616d0000b273aca059cebc1841277db22d1c",
          "width": 60
        }
      ],
      "name": "PrettyPunk",
      "owner": {
        "display_name": "Krishen Mohan",
        "external_urls": {
          "spotify": "https://open.spotify.com/user/223i55rb3qlsyjym33oact44i"
        },
        "href": "https://api.spotify.com/v1/users/223i55rb3qlsyjym33oact44i",
        "id": "223i55rb3qlsyjym33oact44i",
        "type": "user",
        "uri": "spotify:user:223i55rb3qlsyjym33oact44i"
      },
      "primary_color": null,
      "public": true,
      "snapshot_id": "MjQ2LDYyMDM4NTYzMTg4MzAwMjUzMDM3MDAwMWJjOTJhZjdhMWQwOTY1NTY=",
      "tracks": {
        "href": "https://api.spotify.com/v1/playlists/20FAn2dZevS1kak9RkrtyR/tracks",
        "total": 173
      },
      "type": "playlist",
      "uri": "spotify:playlist:20FAn2dZevS1kak9RkrtyR"
    },
    {
      "collaborative": false,
      "description": "",
      "external_urls": {
        "spotify": "https://open.spotify.com/playlist/0juWFcEo78PrSgpenB8oUh"
      },
      "href": "https://api.spotify.com/v1/playlists/0juWFcEo78PrSgpenB8oUh",
      "id": "0juWFcEo78PrSgpenB8oUh",
      "images": [
        {
          "height": 640,
          "url": "https://mosaic.scdn.co/640/ab67616d0000b2731a9647b66c37487466ff772eab67616d0000b27329e90501a1ea82739e39da5fab67616d0000b27386315ad4c10c164289459752ab67616d0000b273a715d32590424cd667879ba3",
          "width": 640
        },
        {
          "height": 300,
          "url": "https://mosaic.scdn.co/300/ab67616d0000b2731a9647b66c37487466ff772eab67616d0000b27329e90501a1ea82739e39da5fab67616d0000b27386315ad4c10c164289459752ab67616d0000b273a715d32590424cd667879ba3",
          "width": 300
        },
        {
          "height": 60,
          "url": "https://mosaic.scdn.co/60/ab67616d0000b2731a9647b66c37487466ff772eab67616d0000b27329e90501a1ea82739e39da5fab67616d0000b27386315ad4c10c164289459752ab67616d0000b273a715d32590424cd667879ba3",
          "width": 60
        }
      ],
      "name": "Nachholsbedarf",
      "owner": {
        "display_name": "Krishen Mohan",
        "external_urls": {
          "spotify": "https://open.spotify.com/user/223i55rb3qlsyjym33oact44i"
        },
        "href": "https://api.spotify.com/v1/users/223i55rb3qlsyjym33oact44i",
        "id": "223i55rb3qlsyjym33oact44i",
        "type": "user",
        "uri": "spotify:user:223i55rb3qlsyjym33oact44i"
      },
      "primary_color": null,
      "public": true,
      "snapshot_id": "MTAsNDhkNDIzZDhkMzdmMWNiMjE5MDdlMjE1N2NmODQzNmVlYTdmZGUyMQ==",
      "tracks": {
        "href": "https://api.spotify.com/v1/playlists/0juWFcEo78PrSgpenB8oUh/tracks",
        "total": 17
      },
      "type": "playlist",
      "uri": "spotify:playlist:0juWFcEo78PrSgpenB8oUh"
    },
    {
      "collaborative": false,
      "description": "Death My Old Friend",
      "external_urls": {
        "spotify": "https://open.spotify.com/playlist/7wH6jnNbQPItPXNvcbc5fL"
      },
      "href": "https://api.spotify.com/v1/playlists/7wH6jnNbQPItPXNvcbc5fL",
      "id": "7wH6jnNbQPItPXNvcbc5fL",
      "images": [
        {
          "height": 640,
          "url": "https://mosaic.scdn.co/640/ab67616d0000b2732fcb0a3c7a66e516b11cd26eab67616d0000b27345643f5cf119cbc9d2811c22ab67616d0000b27360d83611fb80730e83d5a286ab67616d0000b273852aaa233e122f1dbfefcf00",
          "width": 640
        },
        {
          "height": 300,
          "url": "https://mosaic.scdn.co/300/ab67616d0000b2732fcb0a3c7a66e516b11cd26eab67616d0000b27345643f5cf119cbc9d2811c22ab67616d0000b27360d83611fb80730e83d5a286ab67616d0000b273852aaa233e122f1dbfefcf00",
          "width": 300
        },
        {
          "height": 60,
          "url": "https://mosaic.scdn.co/60/ab67616d0000b2732fcb0a3c7a66e516b11cd26eab67616d0000b27345643f5cf119cbc9d2811c22ab67616d0000b27360d83611fb80730e83d5a286ab67616d0000b273852aaa233e122f1dbfefcf00",
          "width": 60
        }
      ],
      "name": "武士の禅",
      "owner": {
        "display_name": "Krishen Mohan",
        "external_urls": {
          "spotify": "https://open.spotify.com/user/223i55rb3qlsyjym33oact44i"
        },
        "href": "https://api.spotify.com/v1/users/223i55rb3qlsyjym33oact44i",
        "id": "223i55rb3qlsyjym33oact44i",
        "type": "user",
        "uri": "spotify:user:223i55rb3qlsyjym33oact44i"
      },
      "primary_color": null,
      "public": true,
      "snapshot_id": "MTIyLGU2YTU1ZTE4NDllMGMwOWJmYjFkOTJlMDdlMzE0Yzc2YmZiYmE1NTc=",
      "tracks": {
        "href": "https://api.spotify.com/v1/playlists/7wH6jnNbQPItPXNvcbc5fL/tracks",
        "total": 68
      },
      "type": "playlist",
      "uri": "spotify:playlist:7wH6jnNbQPItPXNvcbc5fL"
    },
    {
      "collaborative": false,
      "description": " ",
      "external_urls": {
        "spotify": "https://open.spotify.com/playlist/6cXLz66zz8V2m2aJNsda9Q"
      },
      "href": "https://api.spotify.com/v1/playlists/6cXLz66zz8V2m2aJNsda9Q",
      "id": "6cXLz66zz8V2m2aJNsda9Q",
      "images": [
        {
          "height": 640,
          "url": "https://mosaic.scdn.co/640/ab67616d0000b2734dbdd4d3c69bec0d471fc479ab67616d0000b27350f8fe44b61bfed310c2f56bab67616d0000b27380eaab19657582f550083241ab67616d0000b273b574d867ffc54ea505c83ddf",
          "width": 640
        },
        {
          "height": 300,
          "url": "https://mosaic.scdn.co/300/ab67616d0000b2734dbdd4d3c69bec0d471fc479ab67616d0000b27350f8fe44b61bfed310c2f56bab67616d0000b27380eaab19657582f550083241ab67616d0000b273b574d867ffc54ea505c83ddf",
          "width": 300
        },
        {
          "height": 60,
          "url": "https://mosaic.scdn.co/60/ab67616d0000b2734dbdd4d3c69bec0d471fc479ab67616d0000b27350f8fe44b61bfed310c2f56bab67616d0000b27380eaab19657582f550083241ab67616d0000b273b574d867ffc54ea505c83ddf",
          "width": 60
        }
      ],
      "name": "DancePants",
      "owner": {
        "display_name": "Krishen Mohan",
        "external_urls": {
          "spotify": "https://open.spotify.com/user/223i55rb3qlsyjym33oact44i"
        },
        "href": "https://api.spotify.com/v1/users/223i55rb3qlsyjym33oact44i",
        "id": "223i55rb3qlsyjym33oact44i",
        "type": "user",
        "uri": "spotify:user:223i55rb3qlsyjym33oact44i"
      },
      "primary_color": null,
      "public": true,
      "snapshot_id": "MTE2LGRmOWVlY2FkYmJiOWM5N2NiYWViMjlmZDQyODE0N2E0YmE5YjEzMDU=",
      "tracks": {
        "href": "https://api.spotify.com/v1/playlists/6cXLz66zz8V2m2aJNsda9Q/tracks",
        "total": 155
      },
      "type": "playlist",
      "uri": "spotify:playlist:6cXLz66zz8V2m2aJNsda9Q"
    }
  ],
  "limit": 20,
  "next": "https://api.spotify.com/v1/users/223i55rb3qlsyjym33oact44i/playlists?offset=20&limit=20",
  "offset": 0,
  "previous": null,
  "total": 26
}
